<?xml version="1.0" encoding="UTF-8"?>
<!-- Generated by org.testng.reporters.JUnitReportReporter -->
<testsuite hostname="DESKTOP-SPS7N41" failures="0" tests="2" name="SeleniumFramework.FinalProject.HomePage" time="15.007" errors="0" timestamp="2020-12-30T13:56:50 JST" skipped="0">
  <testcase classname="SeleniumFramework.FinalProject.HomePage" name="basePageToNavigate" time="7.335"/>
  <system-out/>
  <testcase classname="SeleniumFramework.FinalProject.HomePage" name="basePageToNavigate" time="7.672"/>
  <system-out/>
</testsuite> <!-- SeleniumFramework.FinalProject.HomePage -->
