<?xml version="1.0" encoding="UTF-8"?>
<!-- Generated by org.testng.reporters.JUnitReportReporter -->
<testsuite hostname="DESKTOP-SPS7N41" failures="0" tests="1" name="SeleniumFramework.FinalProject.ValidateTitle" time="6.339" errors="0" timestamp="2020-12-30T13:32:17 JST" skipped="0">
  <testcase classname="SeleniumFramework.FinalProject.ValidateTitle" name="basePageToNavigate" time="6.339"/>
  <system-out/>
</testsuite> <!-- SeleniumFramework.FinalProject.ValidateTitle -->
