<?xml version="1.0" encoding="UTF-8"?>
<!-- Generated by org.testng.reporters.JUnitReportReporter -->
<testsuite hostname="DESKTOP-SPS7N41" failures="0" tests="1" name="SeleniumFramework.FinalProject.ValudateNavBar" time="6.844" errors="0" timestamp="2020-12-30T11:54:40 JST" skipped="0">
  <testcase classname="SeleniumFramework.FinalProject.ValudateNavBar" name="basePageToNavigate" time="6.844"/>
  <system-out/>
</testsuite> <!-- SeleniumFramework.FinalProject.ValudateNavBar -->
