<?xml version="1.0" encoding="UTF-8"?>
<!-- Generated by org.testng.reporters.JUnitReportReporter -->
<testsuite hostname="DESKTOP-SPS7N41" failures="0" tests="1" name="SeleniumFramework.FinalProject.Base" time="0.008" errors="0" timestamp="2020-12-29T15:45:38 JST" skipped="0">
  <testcase classname="SeleniumFramework.FinalProject.Base" name="initDriver" time="0.008"/>
  <system-out/>
</testsuite> <!-- SeleniumFramework.FinalProject.Base -->
