<?xml version="1.0" encoding="UTF-8"?>
<!-- Generated by org.testng.reporters.JUnitReportReporter -->
<testsuite hostname="DESKTOP-SPS7N41" failures="0" tests="1" name="SeleniumFramework.FinalProject.ValudateNavBar" time="0.115" errors="0" timestamp="2021-01-01T16:57:51 JST" skipped="0">
  <testcase classname="SeleniumFramework.FinalProject.ValudateNavBar" name="basePageToNavigate" time="0.115"/>
  <system-out/>
</testsuite> <!-- SeleniumFramework.FinalProject.ValudateNavBar -->
