<?xml version="1.0" encoding="UTF-8"?>
<!-- Generated by org.testng.reporters.JUnitReportReporter -->
<testsuite hostname="DESKTOP-SPS7N41" failures="0" tests="1" name="SeleniumFramework.FinalProject.ValidateTitle" time="7.569" errors="0" timestamp="2020-12-30T11:41:10 JST" skipped="0">
  <testcase classname="SeleniumFramework.FinalProject.ValidateTitle" name="basePageToNavigate" time="7.569"/>
  <system-out/>
</testsuite> <!-- SeleniumFramework.FinalProject.ValidateTitle -->
