<?xml version="1.0" encoding="UTF-8"?>
<!-- Generated by org.testng.reporters.JUnitReportReporter -->
<testsuite hostname="DESKTOP-SPS7N41" failures="0" tests="2" name="SeleniumFramework.FinalProject.HomePage" time="9.465" errors="0" timestamp="2021-01-04T13:38:01 JST" skipped="0">
  <testcase classname="SeleniumFramework.FinalProject.HomePage" name="basePageToNavigate" time="7.684"/>
  <system-out/>
  <testcase classname="SeleniumFramework.FinalProject.HomePage" name="basePageToNavigate" time="1.781"/>
  <system-out/>
</testsuite> <!-- SeleniumFramework.FinalProject.HomePage -->
